<?xml version="1.0" encoding="UTF-8"?>
<coverage generated="1759297446667" clover="3.2.0">
  <project timestamp="1759297446668" name="All files">
    <metrics statements="22" coveredstatements="17" conditionals="6" coveredconditionals="4" methods="3" coveredmethods="2" elements="31" coveredelements="23" complexity="0" loc="22" ncloc="22" packages="2" files="2" classes="2"/>
    <package name="helpers.db">
      <metrics statements="1" coveredstatements="1" conditionals="0" coveredconditionals="0" methods="0" coveredmethods="0"/>
      <file name="prisma.js" path="/home/renjerpink/Documents/Pemrograman/JS/cv-evaluator/helpers/db/prisma.js">
        <metrics statements="1" coveredstatements="1" conditionals="0" coveredconditionals="0" methods="0" coveredmethods="0"/>
        <line num="3" count="1" type="stmt"/>
      </file>
    </package>
    <package name="models">
      <metrics statements="21" coveredstatements="16" conditionals="6" coveredconditionals="4" methods="3" coveredmethods="2"/>
      <file name="authModel.js" path="/home/renjerpink/Documents/Pemrograman/JS/cv-evaluator/models/authModel.js">
        <metrics statements="21" coveredstatements="16" conditionals="6" coveredconditionals="4" methods="3" coveredmethods="2"/>
        <line num="6" count="1" type="stmt"/>
        <line num="7" count="1" type="stmt"/>
        <line num="9" count="1" type="stmt"/>
        <line num="10" count="1" type="stmt"/>
        <line num="11" count="1" type="stmt"/>
        <line num="12" count="1" type="stmt"/>
        <line num="17" count="1" type="stmt"/>
        <line num="18" count="3" type="stmt"/>
        <line num="19" count="3" type="cond" truecount="2" falsecount="0"/>
        <line num="21" count="2" type="stmt"/>
        <line num="22" count="2" type="cond" truecount="2" falsecount="0"/>
        <line num="24" count="1" type="stmt"/>
        <line num="29" count="1" type="stmt"/>
        <line num="34" count="1" type="stmt"/>
        <line num="39" count="1" type="stmt"/>
        <line num="42" count="1" type="stmt"/>
        <line num="43" count="0" type="stmt"/>
        <line num="44" count="0" type="stmt"/>
        <line num="48" count="0" type="cond" truecount="0" falsecount="2"/>
        <line num="50" count="0" type="stmt"/>
        <line num="55" count="0" type="stmt"/>
      </file>
    </package>
  </project>
</coverage>
