{"/home/renjerpink/Documents/Pemrograman/JS/cv-evaluator/helpers/db/prisma.js": {"path":"/home/renjerpink/Documents/Pemrograman/JS/cv-evaluator/helpers/db/prisma.js","statementMap":{"0":{"start":{"line":3,"column":15},"end":{"line":3,"column":35}}},"fnMap":{},"branchMap":{},"s":{"0":1},"f":{},"b":{},"inputSourceMap":null,"_coverageSchema":"1a1c01bbd47fc00a2c39e90264f33305004495a9","hash":"0c50a288b88dd31b839048ef82abe3054ff4fa36"}
,"/home/renjerpink/Documents/Pemrograman/JS/cv-evaluator/models/authModel.js": {"path":"/home/renjerpink/Documents/Pemrograman/JS/cv-evaluator/models/authModel.js","statementMap":{"0":{"start":{"line":6,"column":19},"end":{"line":6,"column":41}},"1":{"start":{"line":7,"column":27},"end":{"line":7,"column":57}},"2":{"start":{"line":9,"column":28},"end":{"line":15,"column":1}},"3":{"start":{"line":10,"column":44},"end":{"line":10,"column":52}},"4":{"start":{"line":11,"column":27},"end":{"line":11,"column":58}},"5":{"start":{"line":12,"column":4},"end":{"line":14,"column":7}},"6":{"start":{"line":17,"column":25},"end":{"line":40,"column":1}},"7":{"start":{"line":18,"column":17},"end":{"line":18,"column":67}},"8":{"start":{"line":19,"column":4},"end":{"line":19,"column":54}},"9":{"start":{"line":19,"column":15},"end":{"line":19,"column":54}},"10":{"start":{"line":21,"column":28},"end":{"line":21,"column":73}},"11":{"start":{"line":22,"column":4},"end":{"line":22,"column":65}},"12":{"start":{"line":22,"column":26},"end":{"line":22,"column":65}},"13":{"start":{"line":24,"column":24},"end":{"line":28,"column":5}},"14":{"start":{"line":29,"column":25},"end":{"line":31,"column":6}},"15":{"start":{"line":34,"column":4},"end":{"line":37,"column":7}},"16":{"start":{"line":39,"column":4},"end":{"line":39,"column":41}},"17":{"start":{"line":42,"column":34},"end":{"line":56,"column":1}},"18":{"start":{"line":43,"column":20},"end":{"line":43,"column":57}},"19":{"start":{"line":44,"column":17},"end":{"line":46,"column":6}},"20":{"start":{"line":48,"column":4},"end":{"line":48,"column":56}},"21":{"start":{"line":48,"column":15},"end":{"line":48,"column":56}},"22":{"start":{"line":50,"column":27},"end":{"line":54,"column":5}},"23":{"start":{"line":55,"column":4},"end":{"line":55,"column":26}}},"fnMap":{"0":{"name":"(anonymous_0)","decl":{"start":{"line":9,"column":28},"end":{"line":9,"column":29}},"loc":{"start":{"line":9,"column":48},"end":{"line":15,"column":1}},"line":9},"1":{"name":"(anonymous_1)","decl":{"start":{"line":17,"column":25},"end":{"line":17,"column":26}},"loc":{"start":{"line":17,"column":52},"end":{"line":40,"column":1}},"line":17},"2":{"name":"(anonymous_2)","decl":{"start":{"line":42,"column":34},"end":{"line":42,"column":35}},"loc":{"start":{"line":42,"column":51},"end":{"line":56,"column":1}},"line":42}},"branchMap":{"0":{"loc":{"start":{"line":19,"column":4},"end":{"line":19,"column":54}},"type":"if","locations":[{"start":{"line":19,"column":4},"end":{"line":19,"column":54}},{"start":{},"end":{}}],"line":19},"1":{"loc":{"start":{"line":22,"column":4},"end":{"line":22,"column":65}},"type":"if","locations":[{"start":{"line":22,"column":4},"end":{"line":22,"column":65}},{"start":{},"end":{}}],"line":22},"2":{"loc":{"start":{"line":48,"column":4},"end":{"line":48,"column":56}},"type":"if","locations":[{"start":{"line":48,"column":4},"end":{"line":48,"column":56}},{"start":{},"end":{}}],"line":48}},"s":{"0":1,"1":1,"2":1,"3":1,"4":1,"5":1,"6":1,"7":3,"8":3,"9":1,"10":2,"11":2,"12":1,"13":1,"14":1,"15":1,"16":1,"17":1,"18":0,"19":0,"20":0,"21":0,"22":0,"23":0},"f":{"0":1,"1":3,"2":0},"b":{"0":[1,2],"1":[1,1],"2":[0,0]},"inputSourceMap":null,"_coverageSchema":"1a1c01bbd47fc00a2c39e90264f33305004495a9","hash":"54cc386222d403b08f972c400d0933a258134990"}
}
