TN:
SF:helpers/db/prisma.js
FNF:0
FNH:0
DA:3,1
LF:1
LH:1
BRF:0
BRH:0
end_of_record
TN:
SF:models/authModel.js
FN:9,(anonymous_0)
FN:17,(anonymous_1)
FN:42,(anonymous_2)
FNF:3
FNH:2
FNDA:1,(anonymous_0)
FNDA:3,(anonymous_1)
FNDA:0,(anonymous_2)
DA:6,1
DA:7,1
DA:9,1
DA:10,1
DA:11,1
DA:12,1
DA:17,1
DA:18,3
DA:19,3
DA:21,2
DA:22,2
DA:24,1
DA:29,1
DA:34,1
DA:39,1
DA:42,1
DA:43,0
DA:44,0
DA:48,0
DA:50,0
DA:55,0
LF:21
LH:16
BRDA:19,0,0,1
BRDA:19,0,1,2
BRDA:22,1,0,1
BRDA:22,1,1,1
BRDA:48,2,0,0
BRDA:48,2,1,0
BRF:6
BRH:4
end_of_record
